# Log of outstanding info or ability requests
# Format: YYYY-MM-DD | prompt summary | missing info/ability
# 2025-05-01 | choose-path demo | needs CHOOSE-PATH ability
DIMMI-SAVE v1
[FACT] pending_path: forest|cave
[REQUEST] ability: CHOOSE-PATH
END-SAVE
Show me the sequence from start.txt
Can you do more than one when the other one is done?
show me the path you take from start.txt
// FILE: ChoosePath-Template.txt
// PURPOSE: Skeleton for choose-your-own-path prompts.

Scene: <brief setup>

Options:
1) <first path>
2) <second path>
...

Ask: "Pick a number or describe another path." Log choice to memory.

!!ASK :: ASK Tag

!!TODO :: TODO Tag

!!GOTO :: GOTO Tag

!!LINK :: LINK Tag

!!TAG :: TAG Tag

!!APPEND :: APPEND Tag

!!REFRESH :: REFRESH Tag
